# Trace proposal: 16x ST + 16x CR + FE, then alternate MW(matrix) / EV(normal) + FE, repeat 8 times
# Agent mapping: CAgent=0, MAgent=1
ST 0x000000000000 0
ST 0x000000000040 0
ST 0x000000000080 0
ST 0x0000000000c0 0
ST 0x000000000100 0
ST 0x000000000140 0
ST 0x000000000180 0
ST 0x0000000001c0 0
ST 0x000000000200 0
ST 0x000000000240 0
ST 0x000000000280 0
ST 0x0000000002c0 0
ST 0x000000000300 0
ST 0x000000000340 0
ST 0x000000000380 0
ST 0x0000000003c0 0
CR 0x000000004000 1
CR 0x000000004040 1
CR 0x000000004080 1
CR 0x0000000040c0 1
CR 0x000000004100 1
CR 0x000000004140 1
CR 0x000000004180 1
CR 0x0000000041c0 1
CR 0x000000004200 1
CR 0x000000004240 1
CR 0x000000004280 1
CR 0x0000000042c0 1
CR 0x000000004300 1
CR 0x000000004340 1
CR 0x000000004380 1
CR 0x0000000043c0 1
FE 0x000000000000 0
MW 0x000000004000 1
EV 0x000000000000 0
MW 0x000000004040 1
EV 0x000000000040 0
MW 0x000000004080 1
EV 0x000000000080 0
MW 0x0000000040c0 1
EV 0x0000000000c0 0
MW 0x000000004100 1
EV 0x000000000100 0
MW 0x000000004140 1
EV 0x000000000140 0
MW 0x000000004180 1
EV 0x000000000180 0
MW 0x0000000041c0 1
EV 0x0000000001c0 0
MW 0x000000004200 1
EV 0x000000000200 0
MW 0x000000004240 1
EV 0x000000000240 0
MW 0x000000004280 1
EV 0x000000000280 0
MW 0x0000000042c0 1
EV 0x0000000002c0 0
MW 0x000000004300 1
EV 0x000000000300 0
MW 0x000000004340 1
EV 0x000000000340 0
MW 0x000000004380 1
EV 0x000000000380 0
MW 0x0000000043c0 1
EV 0x0000000003c0 0
FE 0x000000000000 0
ST 0x000000000000 0
ST 0x000000000040 0
ST 0x000000000080 0
ST 0x0000000000c0 0
ST 0x000000000100 0
ST 0x000000000140 0
ST 0x000000000180 0
ST 0x0000000001c0 0
ST 0x000000000200 0
ST 0x000000000240 0
ST 0x000000000280 0
ST 0x0000000002c0 0
ST 0x000000000300 0
ST 0x000000000340 0
ST 0x000000000380 0
ST 0x0000000003c0 0
CR 0x000000004000 1
CR 0x000000004040 1
CR 0x000000004080 1
CR 0x0000000040c0 1
CR 0x000000004100 1
CR 0x000000004140 1
CR 0x000000004180 1
CR 0x0000000041c0 1
CR 0x000000004200 1
CR 0x000000004240 1
CR 0x000000004280 1
CR 0x0000000042c0 1
CR 0x000000004300 1
CR 0x000000004340 1
CR 0x000000004380 1
CR 0x0000000043c0 1
FE 0x000000000000 0
MW 0x000000004000 1
EV 0x000000000000 0
MW 0x000000004040 1
EV 0x000000000040 0
MW 0x000000004080 1
EV 0x000000000080 0
MW 0x0000000040c0 1
EV 0x0000000000c0 0
MW 0x000000004100 1
EV 0x000000000100 0
MW 0x000000004140 1
EV 0x000000000140 0
MW 0x000000004180 1
EV 0x000000000180 0
MW 0x0000000041c0 1
EV 0x0000000001c0 0
MW 0x000000004200 1
EV 0x000000000200 0
MW 0x000000004240 1
EV 0x000000000240 0
MW 0x000000004280 1
EV 0x000000000280 0
MW 0x0000000042c0 1
EV 0x0000000002c0 0
MW 0x000000004300 1
EV 0x000000000300 0
MW 0x000000004340 1
EV 0x000000000340 0
MW 0x000000004380 1
EV 0x000000000380 0
MW 0x0000000043c0 1
EV 0x0000000003c0 0
FE 0x000000000000 0
ST 0x000000000000 0
ST 0x000000000040 0
ST 0x000000000080 0
ST 0x0000000000c0 0
ST 0x000000000100 0
ST 0x000000000140 0
ST 0x000000000180 0
ST 0x0000000001c0 0
ST 0x000000000200 0
ST 0x000000000240 0
ST 0x000000000280 0
ST 0x0000000002c0 0
ST 0x000000000300 0
ST 0x000000000340 0
ST 0x000000000380 0
ST 0x0000000003c0 0
CR 0x000000004000 1
CR 0x000000004040 1
CR 0x000000004080 1
CR 0x0000000040c0 1
CR 0x000000004100 1
CR 0x000000004140 1
CR 0x000000004180 1
CR 0x0000000041c0 1
CR 0x000000004200 1
CR 0x000000004240 1
CR 0x000000004280 1
CR 0x0000000042c0 1
CR 0x000000004300 1
CR 0x000000004340 1
CR 0x000000004380 1
CR 0x0000000043c0 1
FE 0x000000000000 0
MW 0x000000004000 1
EV 0x000000000000 0
MW 0x000000004040 1
EV 0x000000000040 0
MW 0x000000004080 1
EV 0x000000000080 0
MW 0x0000000040c0 1
EV 0x0000000000c0 0
MW 0x000000004100 1
EV 0x000000000100 0
MW 0x000000004140 1
EV 0x000000000140 0
MW 0x000000004180 1
EV 0x000000000180 0
MW 0x0000000041c0 1
EV 0x0000000001c0 0
MW 0x000000004200 1
EV 0x000000000200 0
MW 0x000000004240 1
EV 0x000000000240 0
MW 0x000000004280 1
EV 0x000000000280 0
MW 0x0000000042c0 1
EV 0x0000000002c0 0
MW 0x000000004300 1
EV 0x000000000300 0
MW 0x000000004340 1
EV 0x000000000340 0
MW 0x000000004380 1
EV 0x000000000380 0
MW 0x0000000043c0 1
EV 0x0000000003c0 0
FE 0x000000000000 0
ST 0x000000000000 0
ST 0x000000000040 0
ST 0x000000000080 0
ST 0x0000000000c0 0
ST 0x000000000100 0
ST 0x000000000140 0
ST 0x000000000180 0
ST 0x0000000001c0 0
ST 0x000000000200 0
ST 0x000000000240 0
ST 0x000000000280 0
ST 0x0000000002c0 0
ST 0x000000000300 0
ST 0x000000000340 0
ST 0x000000000380 0
ST 0x0000000003c0 0
CR 0x000000004000 1
CR 0x000000004040 1
CR 0x000000004080 1
CR 0x0000000040c0 1
CR 0x000000004100 1
CR 0x000000004140 1
CR 0x000000004180 1
CR 0x0000000041c0 1
CR 0x000000004200 1
CR 0x000000004240 1
CR 0x000000004280 1
CR 0x0000000042c0 1
CR 0x000000004300 1
CR 0x000000004340 1
CR 0x000000004380 1
CR 0x0000000043c0 1
FE 0x000000000000 0
MW 0x000000004000 1
EV 0x000000000000 0
MW 0x000000004040 1
EV 0x000000000040 0
MW 0x000000004080 1
EV 0x000000000080 0
MW 0x0000000040c0 1
EV 0x0000000000c0 0
MW 0x000000004100 1
EV 0x000000000100 0
MW 0x000000004140 1
EV 0x000000000140 0
MW 0x000000004180 1
EV 0x000000000180 0
MW 0x0000000041c0 1
EV 0x0000000001c0 0
MW 0x000000004200 1
EV 0x000000000200 0
MW 0x000000004240 1
EV 0x000000000240 0
MW 0x000000004280 1
EV 0x000000000280 0
MW 0x0000000042c0 1
EV 0x0000000002c0 0
MW 0x000000004300 1
EV 0x000000000300 0
MW 0x000000004340 1
EV 0x000000000340 0
MW 0x000000004380 1
EV 0x000000000380 0
MW 0x0000000043c0 1
EV 0x0000000003c0 0
FE 0x000000000000 0
ST 0x000000000000 0
ST 0x000000000040 0
ST 0x000000000080 0
ST 0x0000000000c0 0
ST 0x000000000100 0
ST 0x000000000140 0
ST 0x000000000180 0
ST 0x0000000001c0 0
ST 0x000000000200 0
ST 0x000000000240 0
ST 0x000000000280 0
ST 0x0000000002c0 0
ST 0x000000000300 0
ST 0x000000000340 0
ST 0x000000000380 0
ST 0x0000000003c0 0
CR 0x000000004000 1
CR 0x000000004040 1
CR 0x000000004080 1
CR 0x0000000040c0 1
CR 0x000000004100 1
CR 0x000000004140 1
CR 0x000000004180 1
CR 0x0000000041c0 1
CR 0x000000004200 1
CR 0x000000004240 1
CR 0x000000004280 1
CR 0x0000000042c0 1
CR 0x000000004300 1
CR 0x000000004340 1
CR 0x000000004380 1
CR 0x0000000043c0 1
FE 0x000000000000 0
MW 0x000000004000 1
EV 0x000000000000 0
MW 0x000000004040 1
EV 0x000000000040 0
MW 0x000000004080 1
EV 0x000000000080 0
MW 0x0000000040c0 1
EV 0x0000000000c0 0
MW 0x000000004100 1
EV 0x000000000100 0
MW 0x000000004140 1
EV 0x000000000140 0
MW 0x000000004180 1
EV 0x000000000180 0
MW 0x0000000041c0 1
EV 0x0000000001c0 0
MW 0x000000004200 1
EV 0x000000000200 0
MW 0x000000004240 1
EV 0x000000000240 0
MW 0x000000004280 1
EV 0x000000000280 0
MW 0x0000000042c0 1
EV 0x0000000002c0 0
MW 0x000000004300 1
EV 0x000000000300 0
MW 0x000000004340 1
EV 0x000000000340 0
MW 0x000000004380 1
EV 0x000000000380 0
MW 0x0000000043c0 1
EV 0x0000000003c0 0
FE 0x000000000000 0
ST 0x000000000000 0
ST 0x000000000040 0
ST 0x000000000080 0
ST 0x0000000000c0 0
ST 0x000000000100 0
ST 0x000000000140 0
ST 0x000000000180 0
ST 0x0000000001c0 0
ST 0x000000000200 0
ST 0x000000000240 0
ST 0x000000000280 0
ST 0x0000000002c0 0
ST 0x000000000300 0
ST 0x000000000340 0
ST 0x000000000380 0
ST 0x0000000003c0 0
CR 0x000000004000 1
CR 0x000000004040 1
CR 0x000000004080 1
CR 0x0000000040c0 1
CR 0x000000004100 1
CR 0x000000004140 1
CR 0x000000004180 1
CR 0x0000000041c0 1
CR 0x000000004200 1
CR 0x000000004240 1
CR 0x000000004280 1
CR 0x0000000042c0 1
CR 0x000000004300 1
CR 0x000000004340 1
CR 0x000000004380 1
CR 0x0000000043c0 1
FE 0x000000000000 0
MW 0x000000004000 1
EV 0x000000000000 0
MW 0x000000004040 1
EV 0x000000000040 0
MW 0x000000004080 1
EV 0x000000000080 0
MW 0x0000000040c0 1
EV 0x0000000000c0 0
MW 0x000000004100 1
EV 0x000000000100 0
MW 0x000000004140 1
EV 0x000000000140 0
MW 0x000000004180 1
EV 0x000000000180 0
MW 0x0000000041c0 1
EV 0x0000000001c0 0
MW 0x000000004200 1
EV 0x000000000200 0
MW 0x000000004240 1
EV 0x000000000240 0
MW 0x000000004280 1
EV 0x000000000280 0
MW 0x0000000042c0 1
EV 0x0000000002c0 0
MW 0x000000004300 1
EV 0x000000000300 0
MW 0x000000004340 1
EV 0x000000000340 0
MW 0x000000004380 1
EV 0x000000000380 0
MW 0x0000000043c0 1
EV 0x0000000003c0 0
FE 0x000000000000 0
ST 0x000000000000 0
ST 0x000000000040 0
ST 0x000000000080 0
ST 0x0000000000c0 0
ST 0x000000000100 0
ST 0x000000000140 0
ST 0x000000000180 0
ST 0x0000000001c0 0
ST 0x000000000200 0
ST 0x000000000240 0
ST 0x000000000280 0
ST 0x0000000002c0 0
ST 0x000000000300 0
ST 0x000000000340 0
ST 0x000000000380 0
ST 0x0000000003c0 0
CR 0x000000004000 1
CR 0x000000004040 1
CR 0x000000004080 1
CR 0x0000000040c0 1
CR 0x000000004100 1
CR 0x000000004140 1
CR 0x000000004180 1
CR 0x0000000041c0 1
CR 0x000000004200 1
CR 0x000000004240 1
CR 0x000000004280 1
CR 0x0000000042c0 1
CR 0x000000004300 1
CR 0x000000004340 1
CR 0x000000004380 1
CR 0x0000000043c0 1
FE 0x000000000000 0
MW 0x000000004000 1
EV 0x000000000000 0
MW 0x000000004040 1
EV 0x000000000040 0
MW 0x000000004080 1
EV 0x000000000080 0
MW 0x0000000040c0 1
EV 0x0000000000c0 0
MW 0x000000004100 1
EV 0x000000000100 0
MW 0x000000004140 1
EV 0x000000000140 0
MW 0x000000004180 1
EV 0x000000000180 0
MW 0x0000000041c0 1
EV 0x0000000001c0 0
MW 0x000000004200 1
EV 0x000000000200 0
MW 0x000000004240 1
EV 0x000000000240 0
MW 0x000000004280 1
EV 0x000000000280 0
MW 0x0000000042c0 1
EV 0x0000000002c0 0
MW 0x000000004300 1
EV 0x000000000300 0
MW 0x000000004340 1
EV 0x000000000340 0
MW 0x000000004380 1
EV 0x000000000380 0
MW 0x0000000043c0 1
EV 0x0000000003c0 0
FE 0x000000000000 0
ST 0x000000000000 0
ST 0x000000000040 0
ST 0x000000000080 0
ST 0x0000000000c0 0
ST 0x000000000100 0
ST 0x000000000140 0
ST 0x000000000180 0
ST 0x0000000001c0 0
ST 0x000000000200 0
ST 0x000000000240 0
ST 0x000000000280 0
ST 0x0000000002c0 0
ST 0x000000000300 0
ST 0x000000000340 0
ST 0x000000000380 0
ST 0x0000000003c0 0
CR 0x000000004000 1
CR 0x000000004040 1
CR 0x000000004080 1
CR 0x0000000040c0 1
CR 0x000000004100 1
CR 0x000000004140 1
CR 0x000000004180 1
CR 0x0000000041c0 1
CR 0x000000004200 1
CR 0x000000004240 1
CR 0x000000004280 1
CR 0x0000000042c0 1
CR 0x000000004300 1
CR 0x000000004340 1
CR 0x000000004380 1
CR 0x0000000043c0 1
FE 0x000000000000 0
MW 0x000000004000 1
EV 0x000000000000 0
MW 0x000000004040 1
EV 0x000000000040 0
MW 0x000000004080 1
EV 0x000000000080 0
MW 0x0000000040c0 1
EV 0x0000000000c0 0
MW 0x000000004100 1
EV 0x000000000100 0
MW 0x000000004140 1
EV 0x000000000140 0
MW 0x000000004180 1
EV 0x000000000180 0
MW 0x0000000041c0 1
EV 0x0000000001c0 0
MW 0x000000004200 1
EV 0x000000000200 0
MW 0x000000004240 1
EV 0x000000000240 0
MW 0x000000004280 1
EV 0x000000000280 0
MW 0x0000000042c0 1
EV 0x0000000002c0 0
MW 0x000000004300 1
EV 0x000000000300 0
MW 0x000000004340 1
EV 0x000000000340 0
MW 0x000000004380 1
EV 0x000000000380 0
MW 0x0000000043c0 1
EV 0x0000000003c0 0
FE 0x000000000000 0
